This is pdfTeX, Version 3.14159265-2.6-1.40.19 (TeX Live 2018/W32TeX) (preloaded format=pdflatex 2019.1.13)  31 JAN 2020 20:01
entering extended mode
 restricted \write18 enabled.
 file:line:error style messages enabled.
 %&-line parsing enabled.
**DevelopmentPlan.tex
(./DevelopmentPlan.tex
LaTeX2e <2018-12-01>
(f:/texlive/2018/texmf-dist/tex/latex/base/article.cls
Document Class: article 2018/09/03 v1.4i Standard LaTeX document class
(f:/texlive/2018/texmf-dist/tex/latex/base/size10.clo
File: size10.clo 2018/09/03 v1.4i Standard LaTeX file (size option)
)
\c@part=\count80
\c@section=\count81
\c@subsection=\count82
\c@subsubsection=\count83
\c@paragraph=\count84
\c@subparagraph=\count85
\c@figure=\count86
\c@table=\count87
\abovecaptionskip=\skip41
\belowcaptionskip=\skip42
\bibindent=\dimen102
) (f:/texlive/2018/texmf-dist/tex/latex/booktabs/booktabs.sty
Package: booktabs 2016/04/27 v1.618033 publication quality tables
\heavyrulewidth=\dimen103
\lightrulewidth=\dimen104
\cmidrulewidth=\dimen105
\belowrulesep=\dimen106
\belowbottomsep=\dimen107
\aboverulesep=\dimen108
\abovetopsep=\dimen109
\cmidrulesep=\dimen110
\cmidrulekern=\dimen111
\defaultaddspace=\dimen112
\@cmidla=\count88
\@cmidlb=\count89
\@aboverulesep=\dimen113
\@belowrulesep=\dimen114
\@thisruleclass=\count90
\@lastruleclass=\count91
\@thisrulewidth=\dimen115
) (f:/texlive/2018/texmf-dist/tex/latex/tools/tabularx.sty
Package: tabularx 2016/02/03 v2.11b `tabularx' package (DPC)
 (f:/texlive/2018/texmf-dist/tex/latex/tools/array.sty
Package: array 2018/12/30 v2.4k Tabular extension package (FMi)
\col@sep=\dimen116
\ar@mcellbox=\box27
\extrarowheight=\dimen117
\NC@list=\toks14
\extratabsurround=\skip43
\backup@length=\skip44
\ar@cellbox=\box28
)
\TX@col@width=\dimen118
\TX@old@table=\dimen119
\TX@old@col=\dimen120
\TX@target=\dimen121
\TX@delta=\dimen122
\TX@cols=\count92
\TX@ftn=\toks15
) (f:/texlive/2018/texmf-dist/tex/latex/hyperref/hyperref.sty
Package: hyperref 2018/11/30 v6.88e Hypertext links for LaTeX
 (f:/texlive/2018/texmf-dist/tex/generic/oberdiek/hobsub-hyperref.sty
Package: hobsub-hyperref 2016/05/16 v1.14 Bundle oberdiek, subset hyperref (HO)
 (f:/texlive/2018/texmf-dist/tex/generic/oberdiek/hobsub-generic.sty
Package: hobsub-generic 2016/05/16 v1.14 Bundle oberdiek, subset generic (HO)
Package: hobsub 2016/05/16 v1.14 Construct package bundles (HO)
Package: infwarerr 2016/05/16 v1.4 Providing info/warning/error messages (HO)
Package: ltxcmds 2016/05/16 v1.23 LaTeX kernel commands for general use (HO)
Package: ifluatex 2016/05/16 v1.4 Provides the ifluatex switch (HO)
Package ifluatex Info: LuaTeX not detected.
Package: ifvtex 2016/05/16 v1.6 Detect VTeX and its facilities (HO)
Package ifvtex Info: VTeX not detected.
Package: intcalc 2016/05/16 v1.2 Expandable calculations with integers (HO)
Package: ifpdf 2018/09/07 v3.3 Provides the ifpdf switch
Package: etexcmds 2016/05/16 v1.6 Avoid name clashes with e-TeX commands (HO)
Package etexcmds Info: Could not find \expanded.
(etexcmds)             That can mean that you are not using pdfTeX 1.50 or
(etexcmds)             that some package has redefined \expanded.
(etexcmds)             In the latter case, load this package earlier.
Package: kvsetkeys 2016/05/16 v1.17 Key value parser (HO)
Package: kvdefinekeys 2016/05/16 v1.4 Define keys (HO)
Package: pdftexcmds 2018/09/10 v0.29 Utility functions of pdfTeX for LuaTeX (HO)
Package pdftexcmds Info: LuaTeX not detected.
Package pdftexcmds Info: \pdf@primitive is available.
Package pdftexcmds Info: \pdf@ifprimitive is available.
Package pdftexcmds Info: \pdfdraftmode found.
Package: pdfescape 2016/05/16 v1.14 Implements pdfTeX's escape features (HO)
Package: bigintcalc 2016/05/16 v1.4 Expandable calculations on big integers (HO)
Package: bitset 2016/05/16 v1.2 Handle bit-vector datatype (HO)
Package: uniquecounter 2016/05/16 v1.3 Provide unlimited unique counter (HO)
)
Package hobsub Info: Skipping package `hobsub' (already loaded).
Package: letltxmacro 2016/05/16 v1.5 Let assignment for LaTeX macros (HO)
Package: hopatch 2016/05/16 v1.3 Wrapper for package hooks (HO)
Package: xcolor-patch 2016/05/16 xcolor patch
Package: atveryend 2016/05/16 v1.9 Hooks at the very end of document (HO)
Package atveryend Info: \enddocument detected (standard20110627).
Package: atbegshi 2016/06/09 v1.18 At begin shipout hook (HO)
Package: refcount 2016/05/16 v3.5 Data extraction from label references (HO)
Package: hycolor 2016/05/16 v1.8 Color options for hyperref/bookmark (HO)
) (f:/texlive/2018/texmf-dist/tex/latex/graphics/keyval.sty
Package: keyval 2014/10/28 v1.15 key=value parser (DPC)
\KV@toks@=\toks16
) (f:/texlive/2018/texmf-dist/tex/generic/ifxetex/ifxetex.sty
Package: ifxetex 2010/09/12 v0.6 Provides ifxetex conditional
) (f:/texlive/2018/texmf-dist/tex/latex/oberdiek/auxhook.sty
Package: auxhook 2016/05/16 v1.4 Hooks for auxiliary files (HO)
) (f:/texlive/2018/texmf-dist/tex/latex/oberdiek/kvoptions.sty
Package: kvoptions 2016/05/16 v3.12 Key value format for package options (HO)
)
\@linkdim=\dimen123
\Hy@linkcounter=\count93
\Hy@pagecounter=\count94
 (f:/texlive/2018/texmf-dist/tex/latex/hyperref/pd1enc.def
File: pd1enc.def 2018/11/30 v6.88e Hyperref: PDFDocEncoding definition (HO)
Now handling font encoding PD1 ...
... no UTF-8 mapping file for font encoding PD1
)
\Hy@SavedSpaceFactor=\count95
 (f:/texlive/2018/texmf-dist/tex/latex/latexconfig/hyperref.cfg
File: hyperref.cfg 2002/06/06 v1.2 hyperref configuration of TeXLive
)
Package hyperref Info: Hyper figures OFF on input line 4519.
Package hyperref Info: Link nesting OFF on input line 4524.
Package hyperref Info: Hyper index ON on input line 4527.
Package hyperref Info: Plain pages OFF on input line 4534.
Package hyperref Info: Backreferencing OFF on input line 4539.
Package hyperref Info: Implicit mode ON; LaTeX internals redefined.
Package hyperref Info: Bookmarks ON on input line 4772.
\c@Hy@tempcnt=\count96
 (f:/texlive/2018/texmf-dist/tex/latex/url/url.sty
\Urlmuskip=\muskip10
Package: url 2013/09/16  ver 3.4  Verb mode for urls, etc.
)
LaTeX Info: Redefining \url on input line 5125.
\XeTeXLinkMargin=\dimen124
\Fld@menulength=\count97
\Field@Width=\dimen125
\Fld@charsize=\dimen126
Package hyperref Info: Hyper figures OFF on input line 6380.
Package hyperref Info: Link nesting OFF on input line 6385.
Package hyperref Info: Hyper index ON on input line 6388.
Package hyperref Info: backreferencing OFF on input line 6395.
Package hyperref Info: Link coloring OFF on input line 6400.
Package hyperref Info: Link coloring with OCG OFF on input line 6405.
Package hyperref Info: PDF/A mode OFF on input line 6410.
LaTeX Info: Redefining \ref on input line 6450.
LaTeX Info: Redefining \pageref on input line 6454.
\Hy@abspage=\count98
\c@Item=\count99
\c@Hfootnote=\count100
)
Package hyperref Info: Driver (autodetected): hpdftex.
 (f:/texlive/2018/texmf-dist/tex/latex/hyperref/hpdftex.def
File: hpdftex.def 2018/11/30 v6.88e Hyperref driver for pdfTeX
\Fld@listcount=\count101
\c@bookmark@seq@number=\count102
 (f:/texlive/2018/texmf-dist/tex/latex/oberdiek/rerunfilecheck.sty
Package: rerunfilecheck 2016/05/16 v1.8 Rerun checks for auxiliary files (HO)
Package uniquecounter Info: New unique counter `rerunfilecheck' on input line 282.
)
\Hy@SectionHShift=\skip45
)
(f:/texlive/2018/texmf-dist/tex/latex/graphics/graphicx.sty
Package: graphicx 2017/06/01 v1.1a Enhanced LaTeX Graphics (DPC,SPQR)
 (f:/texlive/2018/texmf-dist/tex/latex/graphics/graphics.sty
Package: graphics 2017/06/25 v1.2c Standard LaTeX Graphics (DPC,SPQR)
 (f:/texlive/2018/texmf-dist/tex/latex/graphics/trig.sty
Package: trig 2016/01/03 v1.10 sin cos tan (DPC)
) (f:/texlive/2018/texmf-dist/tex/latex/graphics-cfg/graphics.cfg
File: graphics.cfg 2016/06/04 v1.11 sample graphics configuration
)
Package graphics Info: Driver file: pdftex.def on input line 99.
 (f:/texlive/2018/texmf-dist/tex/latex/graphics-def/pdftex.def
File: pdftex.def 2018/01/08 v1.0l Graphics/color driver for pdftex
))
\Gin@req@height=\dimen127
\Gin@req@width=\dimen128
) (f:/texlive/2018/texmf-dist/tex/latex/xcolor/xcolor.sty
Package: xcolor 2016/05/11 v2.12 LaTeX color extensions (UK)
 (f:/texlive/2018/texmf-dist/tex/latex/graphics-cfg/color.cfg
File: color.cfg 2016/01/02 v1.6 sample color configuration
)
Package xcolor Info: Driver file: pdftex.def on input line 225.
 (f:/texlive/2018/texmf-dist/tex/latex/colortbl/colortbl.sty
Package: colortbl 2018/12/12 v1.0d Color table columns (DPC)
\everycr=\toks17
\minrowclearance=\skip46
)
\rownum=\count103
Package xcolor Info: Model `cmy' substituted by `cmy0' on input line 1348.
Package xcolor Info: Model `hsb' substituted by `rgb' on input line 1352.
Package xcolor Info: Model `RGB' extended on input line 1364.
Package xcolor Info: Model `HTML' substituted by `rgb' on input line 1366.
Package xcolor Info: Model `Hsb' substituted by `hsb' on input line 1367.
Package xcolor Info: Model `tHsb' substituted by `hsb' on input line 1368.
Package xcolor Info: Model `HSB' substituted by `hsb' on input line 1369.
Package xcolor Info: Model `Gray' substituted by `gray' on input line 1370.
Package xcolor Info: Model `wave' substituted by `hsb' on input line 1371.
)
Package hyperref Info: Option `colorlinks' set `true' on input line 13.
 (./DevelopmentPlan.aux)
\openout1 = `DevelopmentPlan.aux'.

LaTeX Font Info:    Checking defaults for OML/cmm/m/it on input line 26.
LaTeX Font Info:    ... okay on input line 26.
LaTeX Font Info:    Checking defaults for T1/cmr/m/n on input line 26.
LaTeX Font Info:    ... okay on input line 26.
LaTeX Font Info:    Checking defaults for OT1/cmr/m/n on input line 26.
LaTeX Font Info:    ... okay on input line 26.
LaTeX Font Info:    Checking defaults for OMS/cmsy/m/n on input line 26.
LaTeX Font Info:    ... okay on input line 26.
LaTeX Font Info:    Checking defaults for OMX/cmex/m/n on input line 26.
LaTeX Font Info:    ... okay on input line 26.
LaTeX Font Info:    Checking defaults for U/cmr/m/n on input line 26.
LaTeX Font Info:    ... okay on input line 26.
LaTeX Font Info:    Checking defaults for PD1/pdf/m/n on input line 26.
LaTeX Font Info:    ... okay on input line 26.
\AtBeginShipoutBox=\box29
Package hyperref Info: Link coloring ON on input line 26.
 (f:/texlive/2018/texmf-dist/tex/latex/hyperref/nameref.sty
Package: nameref 2016/05/21 v2.44 Cross-referencing by name of section
 (f:/texlive/2018/texmf-dist/tex/generic/oberdiek/gettitlestring.sty
Package: gettitlestring 2016/05/16 v1.5 Cleanup title references (HO)
)
\c@section@level=\count104
)
LaTeX Info: Redefining \ref on input line 26.
LaTeX Info: Redefining \pageref on input line 26.
LaTeX Info: Redefining \nameref on input line 26.
 (./DevelopmentPlan.out) (./DevelopmentPlan.out)
\@outlinefile=\write3
\openout3 = `DevelopmentPlan.out'.

 (f:/texlive/2018/texmf-dist/tex/context/base/mkii/supp-pdf.mkii
[Loading MPS to PDF converter (version 2006.09.02).]
\scratchcounter=\count105
\scratchdimen=\dimen129
\scratchbox=\box30
\nofMPsegments=\count106
\nofMParguments=\count107
\everyMPshowfont=\toks18
\MPscratchCnt=\count108
\MPscratchDim=\dimen130
\MPnumerator=\count109
\makeMPintoPDFobject=\count110
\everyMPtoPDFconversion=\toks19
) (f:/texlive/2018/texmf-dist/tex/latex/oberdiek/epstopdf-base.sty
Package: epstopdf-base 2016/05/15 v2.6 Base part for package epstopdf
 (f:/texlive/2018/texmf-dist/tex/latex/oberdiek/grfext.sty
Package: grfext 2016/05/16 v1.2 Manage graphics extensions (HO)
)
Package epstopdf-base Info: Redefining graphics rule for `.eps' on input line 438.
Package grfext Info: Graphics extension search list:
(grfext)             [.pdf,.png,.jpg,.mps,.jpeg,.jbig2,.jb2,.PDF,.PNG,.JPG,.JPEG,.JBIG2,.JB2,.eps]
(grfext)             \AppendGraphicsExtensions on input line 456.
 (f:/texlive/2018/texmf-dist/tex/latex/latexconfig/epstopdf-sys.cfg
File: epstopdf-sys.cfg 2010/07/13 v1.3 Configuration of (r)epstopdf for TeX Live
)) [1

{f:/texlive/2018/texmf-var/fonts/map/pdftex/updmap/pdftex.map}]
LaTeX Font Info:    External font `cmex10' loaded for size
(Font)              <12> on input line 43.
LaTeX Font Info:    External font `cmex10' loaded for size
(Font)              <8> on input line 43.
LaTeX Font Info:    External font `cmex10' loaded for size
(Font)              <6> on input line 43.
 [2]
Underfull \hbox (badness 10000) in paragraph at lines 77--77
[]|\OT1/cmr/bx/n/10 TIME
 []


Underfull \hbox (badness 7379) in paragraph at lines 77--77
\OT1/cmr/bx/n/10 and DU-
 []


Underfull \hbox (badness 10000) in paragraph at lines 78--78
[]|\OT1/cmr/m/n/10 Jan 30,
 []


Underfull \hbox (badness 10000) in paragraph at lines 78--78
[]|\OT1/cmr/m/n/10 Development
 []


Underfull \hbox (badness 1242) in paragraph at lines 78--78
\OT1/cmr/m/n/10 tent of de-vel-op-ment plan
 []


Underfull \hbox (badness 1189) in paragraph at lines 78--78
\OT1/cmr/m/n/10 team mem-ber.(Shuo leads
 []


Underfull \hbox (badness 1867) in paragraph at lines 78--79
[]|\OT1/cmr/m/n/10 Each per-son in team
 []


Underfull \hbox (badness 1122) in paragraph at lines 78--79
\OT1/cmr/m/n/10 takes re-spon-si-bil-ity to
 []


Underfull \hbox (badness 10000) in paragraph at lines 82--82
[]|\OT1/cmr/bx/n/10 (The
 []


Underfull \hbox (badness 10000) in paragraph at lines 82--82
\OT1/cmr/bx/n/10 con-tent
 []


Underfull \hbox (badness 10000) in paragraph at lines 82--82
\OT1/cmr/bx/n/10 be-low
 []


Underfull \hbox (badness 10000) in paragraph at lines 82--82
\OT1/cmr/bx/n/10 may be
 []


Underfull \hbox (badness 4084) in paragraph at lines 82--82
\OT1/cmr/bx/n/10 fore each
 []


Underfull \hbox (badness 10000) in paragraph at lines 82--82
\OT1/cmr/bx/n/10 meet-ing
 []


Underfull \hbox (badness 10000) in paragraph at lines 85--85
[]|\OT1/cmr/m/n/10 Feb 3,
 []


Underfull \hbox (badness 10000) in paragraph at lines 85--85
[]|\OT1/cmr/m/n/10 Requirements
 []


Underfull \hbox (badness 10000) in paragraph at lines 85--85
\OT1/cmr/m/n/10 Doc-u-ment
 []


Underfull \hbox (badness 1622) in paragraph at lines 85--86
[]|\OT1/cmr/m/n/10 by the next meet-ing,
 []


Underfull \hbox (badness 10000) in paragraph at lines 85--86
\OT1/cmr/m/n/10 ba-sic re-quirments(FR
 []


Underfull \hbox (badness 10000) in paragraph at lines 85--86
\OT1/cmr/m/n/10 should be de-cided.
 []


Underfull \hbox (badness 10000) in paragraph at lines 87--87
[]|\OT1/cmr/m/n/10 Feb 6,
 []


Underfull \hbox (badness 10000) in paragraph at lines 87--87
[]|\OT1/cmr/m/n/10 Requirements
 []


Underfull \hbox (badness 10000) in paragraph at lines 87--87
\OT1/cmr/m/n/10 Doc-u-ment
 []


Underfull \hbox (badness 3068) in paragraph at lines 87--87
\OT1/cmr/m/n/10 the game and dis-tribute
 []


Underfull \hbox (badness 3815) in paragraph at lines 87--87
\OT1/cmr/m/n/10 work.(Xiangxin leads the
 []


Underfull \hbox (badness 7362) in paragraph at lines 87--88
\OT1/cmr/m/n/10 leader of the meet-
 []


Underfull \hbox (badness 4673) in paragraph at lines 87--88
\OT1/cmr/m/n/10 ing by Fri-day af-ter-
 []


Underfull \hbox (badness 1466) in paragraph at lines 87--88
\OT1/cmr/m/n/10 noon. Leader hands
 []


Underfull \hbox (badness 10000) in paragraph at lines 89--89
[]|\OT1/cmr/m/n/10 Feb 10,
 []


Underfull \hbox (badness 2035) in paragraph at lines 89--89
[]|\OT1/cmr/m/n/10 Proof of Con-
 []


Underfull \hbox (badness 10000) in paragraph at lines 89--89
\OT1/cmr/m/n/10 cept Demon-
 []


Underfull \hbox (badness 10000) in paragraph at lines 89--89
\OT1/cmr/m/n/10 op-ment plan doc-u-ment
 []


Underfull \hbox (badness 3568) in paragraph at lines 89--89
\OT1/cmr/m/n/10 once for the demon-stra-
 []


Underfull \hbox (badness 10000) in paragraph at lines 89--89
\OT1/cmr/m/n/10 tion.(Shunbo leads the
 []


Underfull \hbox (badness 4531) in paragraph at lines 89--90
[]|\OT1/cmr/m/n/10 Each mem-ber should
 []


Underfull \hbox (badness 10000) in paragraph at lines 89--90
\OT1/cmr/m/n/10 re-mem-ber prac-tice
 []


Underfull \hbox (badness 10000) in paragraph at lines 94--94
[]|\OT1/cmr/m/n/10 Feb 13,
 []


Underfull \hbox (badness 2253) in paragraph at lines 94--94
[]|\OT1/cmr/m/n/10 Gather ideas of test for
 []


Underfull \hbox (badness 2941) in paragraph at lines 94--94
\OT1/cmr/m/n/10 recorder is in charge of
 []


Underfull \hbox (badness 4531) in paragraph at lines 94--95
[]|\OT1/cmr/m/n/10 Each mem-ber should
 []


Underfull \hbox (badness 10000) in paragraph at lines 96--96
[]|\OT1/cmr/m/n/10 Feb 17,
 []


Underfull \hbox (badness 2253) in paragraph at lines 96--96
[]|\OT1/cmr/m/n/10 Gather ideas of test for
 []


Underfull \hbox (badness 2941) in paragraph at lines 96--96
\OT1/cmr/m/n/10 recorder is in charge of
 []


Underfull \hbox (badness 4531) in paragraph at lines 96--97
[]|\OT1/cmr/m/n/10 Each mem-ber should
 []


Underfull \hbox (badness 10000) in paragraph at lines 98--98
[]|\OT1/cmr/m/n/10 Feb 24,
 []


Underfull \hbox (badness 1406) in paragraph at lines 98--98
[]|\OT1/cmr/m/n/10 Formalize or dis-card test
 []


Underfull \hbox (badness 2050) in paragraph at lines 98--98
\OT1/cmr/m/n/10 plan gen-er-ated from last
 []


Underfull \hbox (badness 1590) in paragraph at lines 98--99
\OT1/cmr/m/n/10 test plan be-fore next
 []


Underfull \hbox (badness 10000) in paragraph at lines 100--100
[]|\OT1/cmr/m/n/10 Feb 27,
 []


Underfull \hbox (badness 3271) in paragraph at lines 100--101
[]|\OT1/cmr/m/n/10 Final ver-sion of test
 []


Underfull \hbox (badness 2828) in paragraph at lines 100--101
\OT1/cmr/m/n/10 Fri-day and leader of
 []


Underfull \hbox (badness 10000) in paragraph at lines 102--102
[]|\OT1/cmr/m/n/10 Mar 2,
 []


Underfull \hbox (badness 4531) in paragraph at lines 102--103
[]|\OT1/cmr/m/n/10 Each mem-ber should
 []


Underfull \hbox (badness 10000) in paragraph at lines 104--104
[]|\OT1/cmr/m/n/10 Mar 5,
 []


Underfull \hbox (badness 10000) in paragraph at lines 106--106
[]|\OT1/cmr/m/n/10 Mar 9,
 []


Underfull \hbox (badness 1231) in paragraph at lines 106--106
\OT1/cmr/m/n/10 solved. (Shuo leads the
 []


Underfull \hbox (badness 2547) in paragraph at lines 106--107
[]|\OT1/cmr/m/n/10 Each mem-ber in the
 []


Underfull \hbox (badness 10000) in paragraph at lines 108--108
[]|\OT1/cmr/m/n/10 Mar 12,
 []


Underfull \hbox (badness 1997) in paragraph at lines 108--108
\OT1/cmr/m/n/10 tions on cod-ing are dis-
 []


Underfull \hbox (badness 1019) in paragraph at lines 108--108
\OT1/cmr/m/n/10 cussed. (Shuo leads the
 []


Underfull \hbox (badness 10000) in paragraph at lines 110--110
[]|\OT1/cmr/m/n/10 Mar 16,
 []


Underfull \hbox (badness 10000) in paragraph at lines 110--110
[]|\OT1/cmr/m/n/10 Revision 0
 []


Underfull \hbox (badness 10000) in paragraph at lines 110--110
\OT1/cmr/m/n/10 Demon-stra-tion
 []


Underfull \hbox (badness 5260) in paragraph at lines 110--111
[]|\OT1/cmr/m/n/10 Before next meet-ing,
 []


Underfull \hbox (badness 3977) in paragraph at lines 110--111
\OT1/cmr/m/n/10 each mem-ber in the
 []


Underfull \hbox (badness 10000) in paragraph at lines 115--115
[]|\OT1/cmr/m/n/10 Mar 19,
 []


Underfull \hbox (badness 10000) in paragraph at lines 115--115
[]|\OT1/cmr/m/n/10 Final Demon-
 []


Underfull \hbox (badness 3302) in paragraph at lines 115--115
[]|\OT1/cmr/m/n/10 Problems from the code
 []


Underfull \hbox (badness 2547) in paragraph at lines 115--116
[]|\OT1/cmr/m/n/10 Each mem-ber in the
 []


Underfull \hbox (badness 10000) in paragraph at lines 115--116
\OT1/cmr/m/n/10 their part of work
 []


Underfull \hbox (badness 10000) in paragraph at lines 115--116
\OT1/cmr/m/n/10 and solve prob-lems
 []


Underfull \hbox (badness 8075) in paragraph at lines 115--116
\OT1/cmr/m/n/10 dis-cussed dur-ing the
 []


Underfull \hbox (badness 10000) in paragraph at lines 117--117
[]|\OT1/cmr/m/n/10 Mar 23,
 []


Underfull \hbox (badness 10000) in paragraph at lines 117--117
[]|\OT1/cmr/m/n/10 Final Demon-
 []


Underfull \hbox (badness 3343) in paragraph at lines 117--117
[]|\OT1/cmr/m/n/10 Problems gen-er-ated from
 []


Underfull \hbox (badness 10000) in paragraph at lines 117--117
\OT1/cmr/m/n/10 the code[new prob-lems]
 []


Underfull \hbox (badness 3148) in paragraph at lines 117--117
\OT1/cmr/m/n/10 should be dis-cussed and
 []


Underfull \hbox (badness 2547) in paragraph at lines 117--118
[]|\OT1/cmr/m/n/10 Each mem-ber in the
 []


Underfull \hbox (badness 10000) in paragraph at lines 117--118
\OT1/cmr/m/n/10 their part of work
 []


Underfull \hbox (badness 10000) in paragraph at lines 117--118
\OT1/cmr/m/n/10 and solve prob-lems
 []


Underfull \hbox (badness 8075) in paragraph at lines 117--118
\OT1/cmr/m/n/10 dis-cussed dur-ing the
 []


Underfull \hbox (badness 10000) in paragraph at lines 119--119
[]|\OT1/cmr/m/n/10 Mar 26,
 []


Underfull \hbox (badness 10000) in paragraph at lines 119--119
[]|\OT1/cmr/m/n/10 Final Demon-
 []


Underfull \hbox (badness 5217) in paragraph at lines 119--119
\OT1/cmr/m/n/10 be done and the team
 []


Underfull \hbox (badness 10000) in paragraph at lines 119--119
\OT1/cmr/m/n/10 should prac-tice for the
 []


Underfull \hbox (badness 10000) in paragraph at lines 119--119
\OT1/cmr/m/n/10 demon-stra-tion at least
 []


Underfull \hbox (badness 10000) in paragraph at lines 119--119
\OT1/cmr/m/n/10 once.(Shunbo leads the
 []


Underfull \hbox (badness 5260) in paragraph at lines 119--120
[]|\OT1/cmr/m/n/10 Before next meet-ing,
 []


Underfull \hbox (badness 3977) in paragraph at lines 119--120
\OT1/cmr/m/n/10 each mem-ber in the
 []


Underfull \hbox (badness 10000) in paragraph at lines 121--121
[]|\OT1/cmr/m/n/10 Mar 30,
 []


Underfull \hbox (badness 10000) in paragraph at lines 121--121
[]|\OT1/cmr/m/n/10 Final Doc-u-
 []


Underfull \hbox (badness 10000) in paragraph at lines 121--122
[]|\OT1/cmr/m/n/10 Each team mem-ber
 []


Underfull \hbox (badness 3449) in paragraph at lines 121--122
\OT1/cmr/m/n/10 should start check-ing
 []


Underfull \hbox (badness 10000) in paragraph at lines 121--122
\OT1/cmr/m/n/10 doc-u-ments with the
 []


Underfull \hbox (badness 10000) in paragraph at lines 123--123
[]|\OT1/cmr/m/n/10 Apr 2,
 []


Underfull \hbox (badness 10000) in paragraph at lines 123--123
[]|\OT1/cmr/m/n/10 Final Doc-u-
 []


Underfull \hbox (badness 4673) in paragraph at lines 123--124
\OT1/cmr/m/n/10 be done by Apr 6,
 []


Underfull \hbox (badness 1052) in paragraph at lines 123--124
\OT1/cmr/m/n/10 leader of the meet-ing
 []


Underfull \hbox (badness 4013) in paragraph at lines 123--124
\OT1/cmr/m/n/10 take re-spon-si-bil-ity to
 []


Underfull \hbox (badness 1590) in paragraph at lines 123--124
\OT1/cmr/m/n/10 gather team mem-bers
 []


Overfull \hbox (49.99997pt too wide) in paragraph at lines 74--126
[]
 []


Overfull \hbox (49.99997pt too wide) in paragraph at lines 74--126
[]
 []


Overfull \hbox (49.99997pt too wide) in paragraph at lines 74--126
[] 
 []

[3] [4]
Overfull \vbox (0.99994pt too high) has occurred while \output is active []

 [5] [6]
<GitWorkFlow.png, id=94, 543.02875pt x 703.62875pt>
File: GitWorkFlow.png Graphic file (type png)
<use GitWorkFlow.png>
Package pdftex.def Info: GitWorkFlow.png  used on input line 133.
(pdftex.def)             Requested size: 341.44704pt x 455.23817pt.
 [7 <./GitWorkFlow.png>]
Package atveryend Info: Empty hook `BeforeClearDocument' on input line 153.
 [8] [9]
Package atveryend Info: Empty hook `AfterLastShipout' on input line 153.
 (./DevelopmentPlan.aux)
Package atveryend Info: Executing hook `AtVeryEndDocument' on input line 153.
Package atveryend Info: Executing hook `AtEndAfterFileList' on input line 153.
Package rerunfilecheck Info: File `DevelopmentPlan.out' has not changed.
(rerunfilecheck)             Checksum: 6DA05BAA9ACB608D35E748EC696963DB;755.
Package atveryend Info: Empty hook `AtVeryVeryEnd' on input line 153.
 ) 
Here is how much of TeX's memory you used:
 5685 strings out of 492616
 82139 string characters out of 6132768
 192858 words of memory out of 5000000
 9532 multiletter control sequences out of 15000+600000
 7895 words of font info for 28 fonts, out of 8000000 for 9000
 1141 hyphenation exceptions out of 8191
 28i,11n,35p,717b,403s stack positions out of 5000i,500n,10000p,200000b,80000s
<f:/texlive/2018/texmf-dist/fonts/type1/public/amsfonts/cm/cmbx10.pfb><f:/texlive/2018/texmf-dist/fonts/type1/public/amsfonts/cm/cmbx12.pfb><f:/texlive/2018/texmf-dist/fonts/type1/public/amsfonts/cm/cmr10.pfb><f:/texlive/2018/texmf-dist/fonts/type1/public/amsfonts/cm/cmr12.pfb><f:/texlive/2018/texmf-dist/fonts/type1/public/amsfonts/cm/cmr17.pfb>
Output written on DevelopmentPlan.pdf (9 pages, 149395 bytes).
PDF statistics:
 143 PDF objects out of 1000 (max. 8388607)
 123 compressed objects within 2 object streams
 35 named destinations out of 1000 (max. 500000)
 110 words of extra memory for PDF output out of 10000 (max. 10000000)

